{"level":"info","message":"21:function getMinutes() { [native code] } - 7:2:2022 | Info: Client has been logged in"}
{"level":"info","message":"21:function getMinutes() { [native code] } - 7:2:2022 | Info: Command Loaded: help"}
{"level":"info","message":"21:function getMinutes() { [native code] } - 7:2:2022 | Info: Command Loaded: stats"}
{"level":"info","message":"21:function getMinutes() { [native code] } - 7:2:2022 | Info: Client has been logged in"}
{"level":"info","message":"21:function getMinutes() { [native code] } - 7:2:2022 | Info: Command Loaded: help"}
{"level":"info","message":"21:function getMinutes() { [native code] } - 7:2:2022 | Info: Command Loaded: stats"}
{"level":"info","message":"21:function getMinutes() { [native code] } - 7:2:2022 | Info: Command Loaded: help"}
{"level":"info","message":"21:function getMinutes() { [native code] } - 7:2:2022 | Info: Command Loaded: stats"}
{"level":"info","message":"21:function getMinutes() { [native code] } - 7:2:2022 | Info: Event Loaded: guildCreate"}
{"level":"info","message":"21:function getMinutes() { [native code] } - 7:2:2022 | Info: Event Loaded: message"}
{"level":"info","message":"21:function getMinutes() { [native code] } - 7:2:2022 | Info: Event Loaded: ready"}
{"level":"info","message":"21:function getMinutes() { [native code] } - 7:2:2022 | Info: Event Loaded: guildCreate"}
{"level":"info","message":"21:function getMinutes() { [native code] } - 7:2:2022 | Info: Event Loaded: message"}
{"level":"info","message":"21:function getMinutes() { [native code] } - 7:2:2022 | Info: Event Loaded: ready"}
{"level":"info","message":"21:function getMinutes() { [native code] } - 7:2:2022 | Info: Command Loaded: help"}
{"level":"info","message":"21:function getMinutes() { [native code] } - 7:2:2022 | Info: Command Loaded: stats"}
{"level":"info","message":"21:function getMinutes() { [native code] } - 7:2:2022 | Info: Successfully Logged in as LPC-Bot Alpha#5344"}
{"level":"info","message":"21:function getMinutes() { [native code] } - 7:2:2022 | Info: Command Loaded: help"}
{"level":"info","message":"21:function getMinutes() { [native code] } - 7:2:2022 | Info: Command Loaded: stats"}
{"level":"info","message":"21:function getMinutes() { [native code] } - 7:2:2022 | Info: Event Loaded: guildCreate"}
{"level":"info","message":"21:function getMinutes() { [native code] } - 7:2:2022 | Info: Event Loaded: message"}
{"level":"info","message":"21:function getMinutes() { [native code] } - 7:2:2022 | Info: Event Loaded: ready"}
{"level":"info","message":"21:function getMinutes() { [native code] } - 7:2:2022 | Info: Successfully Logged in as LPC-Bot Alpha#5344"}
{"level":"info","message":"21:function getMinutes() { [native code] } - 7:2:2022 | Info: Command Loaded: help"}
{"level":"info","message":"21:function getMinutes() { [native code] } - 7:2:2022 | Info: Command Loaded: stats"}
{"level":"info","message":"21:function getMinutes() { [native code] } - 7:2:2022 | Info: Event Loaded: guildCreate"}
{"level":"info","message":"21:function getMinutes() { [native code] } - 7:2:2022 | Info: Event Loaded: message"}
{"level":"info","message":"21:function getMinutes() { [native code] } - 7:2:2022 | Info: Event Loaded: ready"}
{"level":"info","message":"21:function getMinutes() { [native code] } - 7:2:2022 | Info: Successfully Logged in as LPC-Bot Alpha#5344"}
{"level":"info","message":"22:function getMinutes() { [native code] } - 7:2:2022 | Info: Command Loaded: help"}
{"level":"info","message":"22:function getMinutes() { [native code] } - 7:2:2022 | Info: Command Loaded: stats"}
{"level":"info","message":"22:function getMinutes() { [native code] } - 7:2:2022 | Info: Event Loaded: guildCreate"}
{"level":"info","message":"22:function getMinutes() { [native code] } - 7:2:2022 | Info: Event Loaded: message"}
{"level":"info","message":"22:function getMinutes() { [native code] } - 7:2:2022 | Info: Event Loaded: ready"}
{"level":"info","message":"22:function getMinutes() { [native code] } - 7:2:2022 | Info: Successfully Logged in as LPC-Bot Alpha#5344"}
{"level":"info","message":"22:function getMinutes() { [native code] } - 7:2:2022 | Info: Command Loaded: help"}
{"level":"info","message":"22:function getMinutes() { [native code] } - 7:2:2022 | Info: Command Loaded: stats"}
{"level":"info","message":"22:function getMinutes() { [native code] } - 7:2:2022 | Info: Event Loaded: guildCreate"}
{"level":"info","message":"22:function getMinutes() { [native code] } - 7:2:2022 | Info: Event Loaded: message"}
{"level":"info","message":"22:function getMinutes() { [native code] } - 7:2:2022 | Info: Event Loaded: ready"}
{"level":"info","message":"22:function getMinutes() { [native code] } - 7:2:2022 | Info: Successfully Logged in as LPC-Bot Alpha#5344"}
{"level":"info","message":"22:function getMinutes() { [native code] } - 7:2:2022 | Info: Command Loaded: help"}
{"level":"info","message":"22:function getMinutes() { [native code] } - 7:2:2022 | Info: Command Loaded: stats"}
{"level":"info","message":"22:function getMinutes() { [native code] } - 7:2:2022 | Info: Event Loaded: guildCreate"}
{"level":"info","message":"22:function getMinutes() { [native code] } - 7:2:2022 | Info: Event Loaded: message"}
{"level":"info","message":"22:function getMinutes() { [native code] } - 7:2:2022 | Info: Event Loaded: ready"}
{"level":"info","message":"22:function getMinutes() { [native code] } - 7:2:2022 | Info: Successfully Logged in as LPC-Bot Alpha#5344"}
{"level":"info","message":"22:function getMinutes() { [native code] } - 7:2:2022 | Info: Command Loaded: help"}
{"level":"info","message":"22:function getMinutes() { [native code] } - 7:2:2022 | Info: Command Loaded: stats"}
{"level":"info","message":"22:function getMinutes() { [native code] } - 7:2:2022 | Info: Event Loaded: guildCreate"}
{"level":"info","message":"22:function getMinutes() { [native code] } - 7:2:2022 | Info: Event Loaded: message"}
{"level":"info","message":"22:function getMinutes() { [native code] } - 7:2:2022 | Info: Event Loaded: ready"}
{"level":"info","message":"22:function getMinutes() { [native code] } - 7:2:2022 | Info: Successfully Logged in as LPC-Bot Alpha#5344"}
{"level":"info","message":"22:function getMinutes() { [native code] } - 7:2:2022 | Info: Command Loaded: help"}
{"level":"info","message":"22:function getMinutes() { [native code] } - 7:2:2022 | Info: Command Loaded: stats"}
{"level":"info","message":"22:function getMinutes() { [native code] } - 7:2:2022 | Info: Event Loaded: guildCreate"}
{"level":"info","message":"22:function getMinutes() { [native code] } - 7:2:2022 | Info: Event Loaded: message"}
{"level":"info","message":"22:function getMinutes() { [native code] } - 7:2:2022 | Info: Event Loaded: ready"}
{"level":"info","message":"22:function getMinutes() { [native code] } - 7:2:2022 | Info: Successfully Logged in as LPC-Bot Alpha#5344"}
{"level":"info","message":"22:function getMinutes() { [native code] } - 7:2:2022 | Info: Event Loaded: guildCreate"}
{"level":"info","message":"22:function getMinutes() { [native code] } - 7:2:2022 | Info: Event Loaded: message"}
{"level":"info","message":"22:function getMinutes() { [native code] } - 7:2:2022 | Info: Event Loaded: ready"}
{"level":"info","message":"22:function getMinutes() { [native code] } - 7:2:2022 | Info: Command Loaded: help"}
{"level":"info","message":"22:function getMinutes() { [native code] } - 7:2:2022 | Info: Command Loaded: stats"}
{"level":"info","message":"22:function getMinutes() { [native code] } - 7:2:2022 | Info: Successfully Logged in as LPC-Bot Alpha#5344"}
{"level":"info","message":"22:function getMinutes() { [native code] } - 7:2:2022 | Info: Command Loaded: help"}
{"level":"info","message":"22:function getMinutes() { [native code] } - 7:2:2022 | Info: Command Loaded: stats"}
{"level":"info","message":"22:function getMinutes() { [native code] } - 7:2:2022 | Info: Event Loaded: guildCreate"}
{"level":"info","message":"22:function getMinutes() { [native code] } - 7:2:2022 | Info: Event Loaded: message"}
{"level":"info","message":"22:function getMinutes() { [native code] } - 7:2:2022 | Info: Event Loaded: ready"}
{"level":"info","message":"22:function getMinutes() { [native code] } - 7:2:2022 | Info: Successfully Logged in as LPC-Bot Alpha#5344"}
{"level":"info","message":"22:function getMinutes() { [native code] } - 7:2:2022 | Info: Event Loaded: guildCreate"}
{"level":"info","message":"22:function getMinutes() { [native code] } - 7:2:2022 | Info: Event Loaded: message"}
{"level":"info","message":"22:function getMinutes() { [native code] } - 7:2:2022 | Info: Event Loaded: ready"}
{"level":"info","message":"22:function getMinutes() { [native code] } - 7:2:2022 | Info: Command Loaded: help"}
{"level":"info","message":"22:function getMinutes() { [native code] } - 7:2:2022 | Info: Command Loaded: stats"}
{"level":"info","message":"22:function getMinutes() { [native code] } - 7:2:2022 | Info: Successfully Logged in as LPC-Bot Alpha#5344"}
{"level":"info","message":"22:function getMinutes() { [native code] } - 7:2:2022 | Info: Command Loaded: help"}
{"level":"info","message":"22:function getMinutes() { [native code] } - 7:2:2022 | Info: Command Loaded: stats"}
{"level":"info","message":"22:function getMinutes() { [native code] } - 7:2:2022 | Info: Event Loaded: guildCreate"}
{"level":"info","message":"22:function getMinutes() { [native code] } - 7:2:2022 | Info: Event Loaded: message"}
{"level":"info","message":"22:function getMinutes() { [native code] } - 7:2:2022 | Info: Event Loaded: ready"}
{"level":"info","message":"22:function getMinutes() { [native code] } - 7:2:2022 | Info: Successfully Logged in as LPC-Bot Alpha#5344"}
{"level":"info","message":"22:function getMinutes() { [native code] } - 7:2:2022 | Info: Interaction"}
{"level":"info","message":"11:function getMinutes() { [native code] } - 8:2:2022 | Info: Command Loaded: help"}
{"level":"info","message":"11:function getMinutes() { [native code] } - 8:2:2022 | Info: Command Loaded: stats"}
{"level":"info","message":"11:function getMinutes() { [native code] } - 8:2:2022 | Info: Event Loaded: guildCreate"}
{"level":"info","message":"11:function getMinutes() { [native code] } - 8:2:2022 | Info: Event Loaded: message"}
{"level":"info","message":"11:function getMinutes() { [native code] } - 8:2:2022 | Info: Event Loaded: ready"}
{"level":"info","message":"11:function getMinutes() { [native code] } - 8:2:2022 | Info: Error: ENOENT: no such file or directory, scandir 'C:\\Users\\flami\\Desktop\\Projects\\commands'"}
{"level":"info","message":"11:function getMinutes() { [native code] } - 8:2:2022 | Info: Error: ENOENT: no such file or directory, scandir 'C:\\Users\\flami\\Desktop\\Projects\\events'"}
{"level":"info","message":"11:function getMinutes() { [native code] } - 8:2:2022 | Info: Error: ENOENT: no such file or directory, scandir 'C:\\Users\\flami\\Desktop\\Projects\\commands'"}
{"level":"info","message":"11:function getMinutes() { [native code] } - 8:2:2022 | Info: Error: ENOENT: no such file or directory, scandir 'C:\\Users\\flami\\Desktop\\Projects\\events'"}
